# JRE version: Java(TM) SE Runtime Environment (8.0_181-b13) (build 1.8.0_181-b13)
# Java VM: Java HotSpot(TM) 64-Bit Server VM (25.181-b13 mixed mode windows-amd64 compressed oops)
Heap:
 PSYoungGen      total 25088K, used 22035K [0x00000000f5e00000, 0x00000000f8680000, 0x0000000100000000)
  eden space 18432K, 83% used [0x00000000f5e00000,0x00000000f6d07750,0x00000000f7000000)
  from space 6656K, 99% used [0x00000000f7800000,0x00000000f7e7d640,0x00000000f7e80000)
  to   space 8192K, 0% used [0x00000000f7000000,0x00000000f7000000,0x00000000f7800000)
 ParOldGen       total 23552K, used 12867K [0x00000000e1a00000, 0x00000000e3100000, 0x00000000f5e00000)
  object space 23552K, 54% used [0x00000000e1a00000,0x00000000e2690dc0,0x00000000e3100000)
 Metaspace       used 28921K, capacity 30486K, committed 30592K, reserved 1075200K
  class space    used 4131K, capacity 4437K, committed 4480K, reserved 1048576K
GC Heap History (10 events):
Event: 7.632 GC heap before
{Heap before GC invocations=5 (full 0):
 PSYoungGen      total 9728K, used 6519K [0x00000000f5e00000, 0x00000000f6880000, 0x0000000100000000)
  eden space 8704K, 63% used [0x00000000f5e00000,0x00000000f6365de8,0x00000000f6680000)
  from space 1024K, 96% used [0x00000000f6780000,0x00000000f6878040,0x00000000f6880000)
  to   space 1024K, 0% used [0x00000000f6680000,0x00000000f6680000,0x00000000f6780000)
 ParOldGen       total 22016K, used 6289K [0x00000000e1a00000, 0x00000000e2f80000, 0x00000000f5e00000)
  object space 22016K, 28% used [0x00000000e1a00000,0x00000000e20245a0,0x00000000e2f80000)
 Metaspace       used 20691K, capacity 21236K, committed 21296K, reserved 1067008K
  class space    used 2809K, capacity 2940K, committed 2944K, reserved 1048576K
Event: 7.641 GC heap after
Heap after GC invocations=5 (full 0):
 PSYoungGen      total 9728K, used 992K [0x00000000f5e00000, 0x00000000f7700000, 0x0000000100000000)
  eden space 8704K, 0% used [0x00000000f5e00000,0x00000000f5e00000,0x00000000f6680000)
  from space 1024K, 96% used [0x00000000f6680000,0x00000000f6778020,0x00000000f6780000)
  to   space 4096K, 0% used [0x00000000f7300000,0x00000000f7300000,0x00000000f7700000)
 ParOldGen       total 22016K, used 7781K [0x00000000e1a00000, 0x00000000e2f80000, 0x00000000f5e00000)
  object space 22016K, 35% used [0x00000000e1a00000,0x00000000e2199658,0x00000000e2f80000)
 Metaspace       used 20691K, capacity 21236K, committed 21296K, reserved 1067008K
  class space    used 2809K, capacity 2940K, committed 2944K, reserved 1048576K
}
Event: 7.641 GC heap before
{Heap before GC invocations=6 (full 1):
 PSYoungGen      total 9728K, used 992K [0x00000000f5e00000, 0x00000000f7700000, 0x0000000100000000)
  eden space 8704K, 0% used [0x00000000f5e00000,0x00000000f5e00000,0x00000000f6680000)
  from space 1024K, 96% used [0x00000000f6680000,0x00000000f6778020,0x00000000f6780000)
  to   space 4096K, 0% used [0x00000000f7300000,0x00000000f7300000,0x00000000f7700000)
 ParOldGen       total 22016K, used 7781K [0x00000000e1a00000, 0x00000000e2f80000, 0x00000000f5e00000)
  object space 22016K, 35% used [0x00000000e1a00000,0x00000000e2199658,0x00000000e2f80000)
 Metaspace       used 20691K, capacity 21236K, committed 21296K, reserved 1067008K
  class space    used 2809K, capacity 2940K, committed 2944K, reserved 1048576K
Event: 7.734 GC heap after
Heap after GC invocations=6 (full 1):
 PSYoungGen      total 9728K, used 0K [0x00000000f5e00000, 0x00000000f7700000, 0x0000000100000000)
  eden space 8704K, 0% used [0x00000000f5e00000,0x00000000f5e00000,0x00000000f6680000)
  from space 1024K, 0% used [0x00000000f6680000,0x00000000f6680000,0x00000000f6780000)
  to   space 4096K, 0% used [0x00000000f7300000,0x00000000f7300000,0x00000000f7700000)
 ParOldGen       total 23552K, used 6986K [0x00000000e1a00000, 0x00000000e3100000, 0x00000000f5e00000)
  object space 23552K, 29% used [0x00000000e1a00000,0x00000000e20d2960,0x00000000e3100000)
 Metaspace       used 20691K, capacity 21236K, committed 21296K, reserved 1067008K
  class space    used 2809K, capacity 2940K, committed 2944K, reserved 1048576K
}
Event: 8.021 GC heap before
{Heap before GC invocations=7 (full 1):
 PSYoungGen      total 9728K, used 8173K [0x00000000f5e00000, 0x00000000f7700000, 0x0000000100000000)
  eden space 8704K, 93% used [0x00000000f5e00000,0x00000000f65fb6d0,0x00000000f6680000)
  from space 1024K, 0% used [0x00000000f6680000,0x00000000f6680000,0x00000000f6780000)
  to   space 4096K, 0% used [0x00000000f7300000,0x00000000f7300000,0x00000000f7700000)
 ParOldGen       total 23552K, used 6986K [0x00000000e1a00000, 0x00000000e3100000, 0x00000000f5e00000)
  object space 23552K, 29% used [0x00000000e1a00000,0x00000000e20d2960,0x00000000e3100000)
 Metaspace       used 21259K, capacity 21900K, committed 22016K, reserved 1069056K
  class space    used 2906K, capacity 3046K, committed 3072K, reserved 1048576K
Event: 8.030 GC heap after
Heap after GC invocations=7 (full 1):
 PSYoungGen      total 17408K, used 3829K [0x00000000f5e00000, 0x00000000f7700000, 0x0000000100000000)
  eden space 13312K, 0% used [0x00000000f5e00000,0x00000000f5e00000,0x00000000f6b00000)
  from space 4096K, 93% used [0x00000000f7300000,0x00000000f76bd5e0,0x00000000f7700000)
  to   space 4608K, 0% used [0x00000000f6e00000,0x00000000f6e00000,0x00000000f7280000)
 ParOldGen       total 23552K, used 8349K [0x00000000e1a00000, 0x00000000e3100000, 0x00000000f5e00000)
  object space 23552K, 35% used [0x00000000e1a00000,0x00000000e2227430,0x00000000e3100000)
 Metaspace       used 21259K, capacity 21900K, committed 22016K, reserved 1069056K
  class space    used 2906K, capacity 3046K, committed 3072K, reserved 1048576K
}
Event: 9.362 GC heap before
{Heap before GC invocations=8 (full 1):
 PSYoungGen      total 17408K, used 17141K [0x00000000f5e00000, 0x00000000f7700000, 0x0000000100000000)
  eden space 13312K, 100% used [0x00000000f5e00000,0x00000000f6b00000,0x00000000f6b00000)
  from space 4096K, 93% used [0x00000000f7300000,0x00000000f76bd5e0,0x00000000f7700000)
  to   space 4608K, 0% used [0x00000000f6e00000,0x00000000f6e00000,0x00000000f7280000)
 ParOldGen       total 23552K, used 8349K [0x00000000e1a00000, 0x00000000e3100000, 0x00000000f5e00000)
  object space 23552K, 35% used [0x00000000e1a00000,0x00000000e2227430,0x00000000e3100000)
 Metaspace       used 23815K, capacity 24708K, committed 24832K, reserved 1071104K
  class space    used 3338K, capacity 3538K, committed 3584K, reserved 1048576K
Event: 9.375 GC heap after
Heap after GC invocations=8 (full 1):
 PSYoungGen      total 20992K, used 4597K [0x00000000f5e00000, 0x00000000f7e80000, 0x0000000100000000)
  eden space 16384K, 0% used [0x00000000f5e00000,0x00000000f5e00000,0x00000000f6e00000)
  from space 4608K, 99% used [0x00000000f6e00000,0x00000000f727d690,0x00000000f7280000)
  to   space 6656K, 0% used [0x00000000f7800000,0x00000000f7800000,0x00000000f7e80000)
 ParOldGen       total 23552K, used 11208K [0x00000000e1a00000, 0x00000000e3100000, 0x00000000f5e00000)
  object space 23552K, 47% used [0x00000000e1a00000,0x00000000e24f2370,0x00000000e3100000)
 Metaspace       used 23815K, capacity 24708K, committed 24832K, reserved 1071104K
  class space    used 3338K, capacity 3538K, committed 3584K, reserved 1048576K
}
Event: 11.329 GC heap before
{Heap before GC invocations=9 (full 1):
 PSYoungGen      total 20992K, used 20981K [0x00000000f5e00000, 0x00000000f7e80000, 0x0000000100000000)
  eden space 16384K, 100% used [0x00000000f5e00000,0x00000000f6e00000,0x00000000f6e00000)
  from space 4608K, 99% used [0x00000000f6e00000,0x00000000f727d690,0x00000000f7280000)
  to   space 6656K, 0% used [0x00000000f7800000,0x00000000f7800000,0x00000000f7e80000)
 ParOldGen       total 23552K, used 11208K [0x00000000e1a00000, 0x00000000e3100000, 0x00000000f5e00000)
  object space 23552K, 47% used [0x00000000e1a00000,0x00000000e24f2370,0x00000000e3100000)
 Metaspace       used 26830K, capacity 28132K, committed 28288K, reserved 1073152K
  class space    used 3929K, capacity 4180K, committed 4224K, reserved 1048576K
Event: 11.357 GC heap after
Heap after GC invocations=9 (full 1):
 PSYoungGen      total 25088K, used 6645K [0x00000000f5e00000, 0x00000000f8680000, 0x0000000100000000)
  eden space 18432K, 0% used [0x00000000f5e00000,0x00000000f5e00000,0x00000000f7000000)
  from space 6656K, 99% used [0x00000000f7800000,0x00000000f7e7d640,0x00000000f7e80000)
  to   space 8192K, 0% used [0x00000000f7000000,0x00000000f7000000,0x00000000f7800000)
 ParOldGen       total 23552K, used 12867K [0x00000000e1a00000, 0x00000000e3100000, 0x00000000f5e00000)
  object space 23552K, 54% used [0x00000000e1a00000,0x00000000e2690dc0,0x00000000e3100000)
 Metaspace       used 26830K, capacity 28132K, committed 28288K, reserved 1073152K
  class space    used 3929K, capacity 4180K, committed 4224K, reserved 1048576K
}

