# JRE version: Java(TM) SE Runtime Environment (8.0_181-b13) (build 1.8.0_181-b13)
# Java VM: Java HotSpot(TM) 64-Bit Server VM (25.181-b13 mixed mode windows-amd64 compressed oops)
Heap:
 PSYoungGen      total 18432K, used 15380K [0x00000000f5e00000, 0x00000000f7e00000, 0x0000000100000000)
  eden space 12800K, 76% used [0x00000000f5e00000,0x00000000f678a778,0x00000000f6a80000)
  from space 5632K, 99% used [0x00000000f6a80000,0x00000000f6ffabc0,0x00000000f7000000)
  to   space 7680K, 0% used [0x00000000f7680000,0x00000000f7680000,0x00000000f7e00000)
 ParOldGen       total 26112K, used 15262K [0x00000000e1a00000, 0x00000000e3380000, 0x00000000f5e00000)
  object space 26112K, 58% used [0x00000000e1a00000,0x00000000e28e7918,0x00000000e3380000)
 Metaspace       used 27975K, capacity 29486K, committed 29824K, reserved 1075200K
  class space    used 4066K, capacity 4361K, committed 4480K, reserved 1048576K
GC Heap History (10 events):
Event: 11.340 GC heap before
{Heap before GC invocations=6 (full 1):
 PSYoungGen      total 9728K, used 992K [0x00000000f5e00000, 0x00000000f6e80000, 0x0000000100000000)
  eden space 8704K, 0% used [0x00000000f5e00000,0x00000000f5e00000,0x00000000f6680000)
  from space 1024K, 96% used [0x00000000f6680000,0x00000000f6778040,0x00000000f6780000)
  to   space 4096K, 0% used [0x00000000f6a80000,0x00000000f6a80000,0x00000000f6e80000)
 ParOldGen       total 22016K, used 7814K [0x00000000e1a00000, 0x00000000e2f80000, 0x00000000f5e00000)
  object space 22016K, 35% used [0x00000000e1a00000,0x00000000e21a1b40,0x00000000e2f80000)
 Metaspace       used 20715K, capacity 21236K, committed 21296K, reserved 1067008K
  class space    used 2807K, capacity 2940K, committed 2944K, reserved 1048576K
Event: 11.479 GC heap after
Heap after GC invocations=6 (full 1):
 PSYoungGen      total 9728K, used 0K [0x00000000f5e00000, 0x00000000f6e80000, 0x0000000100000000)
  eden space 8704K, 0% used [0x00000000f5e00000,0x00000000f5e00000,0x00000000f6680000)
  from space 1024K, 0% used [0x00000000f6680000,0x00000000f6680000,0x00000000f6780000)
  to   space 4096K, 0% used [0x00000000f6a80000,0x00000000f6a80000,0x00000000f6e80000)
 ParOldGen       total 26112K, used 8580K [0x00000000e1a00000, 0x00000000e3380000, 0x00000000f5e00000)
  object space 26112K, 32% used [0x00000000e1a00000,0x00000000e2261118,0x00000000e3380000)
 Metaspace       used 20715K, capacity 21236K, committed 21296K, reserved 1067008K
  class space    used 2807K, capacity 2940K, committed 2944K, reserved 1048576K
}
Event: 12.060 GC heap before
{Heap before GC invocations=7 (full 1):
 PSYoungGen      total 9728K, used 8186K [0x00000000f5e00000, 0x00000000f6e80000, 0x0000000100000000)
  eden space 8704K, 94% used [0x00000000f5e00000,0x00000000f65fe8f0,0x00000000f6680000)
  from space 1024K, 0% used [0x00000000f6680000,0x00000000f6680000,0x00000000f6780000)
  to   space 4096K, 0% used [0x00000000f6a80000,0x00000000f6a80000,0x00000000f6e80000)
 ParOldGen       total 26112K, used 8580K [0x00000000e1a00000, 0x00000000e3380000, 0x00000000f5e00000)
  object space 26112K, 32% used [0x00000000e1a00000,0x00000000e2261118,0x00000000e3380000)
 Metaspace       used 21261K, capacity 21900K, committed 22016K, reserved 1069056K
  class space    used 2902K, capacity 3046K, committed 3072K, reserved 1048576K
Event: 12.070 GC heap after
Heap after GC invocations=7 (full 1):
 PSYoungGen      total 12288K, used 3829K [0x00000000f5e00000, 0x00000000f7300000, 0x0000000100000000)
  eden space 8192K, 0% used [0x00000000f5e00000,0x00000000f5e00000,0x00000000f6600000)
  from space 4096K, 93% used [0x00000000f6a80000,0x00000000f6e3d5e0,0x00000000f6e80000)
  to   space 4608K, 0% used [0x00000000f6600000,0x00000000f6600000,0x00000000f6a80000)
 ParOldGen       total 26112K, used 9942K [0x00000000e1a00000, 0x00000000e3380000, 0x00000000f5e00000)
  object space 26112K, 38% used [0x00000000e1a00000,0x00000000e23b5be8,0x00000000e3380000)
 Metaspace       used 21261K, capacity 21900K, committed 22016K, reserved 1069056K
  class space    used 2902K, capacity 3046K, committed 3072K, reserved 1048576K
}
Event: 13.141 GC heap before
{Heap before GC invocations=8 (full 1):
 PSYoungGen      total 12288K, used 12021K [0x00000000f5e00000, 0x00000000f7300000, 0x0000000100000000)
  eden space 8192K, 100% used [0x00000000f5e00000,0x00000000f6600000,0x00000000f6600000)
  from space 4096K, 93% used [0x00000000f6a80000,0x00000000f6e3d5e0,0x00000000f6e80000)
  to   space 4608K, 0% used [0x00000000f6600000,0x00000000f6600000,0x00000000f6a80000)
 ParOldGen       total 26112K, used 9942K [0x00000000e1a00000, 0x00000000e3380000, 0x00000000f5e00000)
  object space 26112K, 38% used [0x00000000e1a00000,0x00000000e23b5be8,0x00000000e3380000)
 Metaspace       used 22466K, capacity 23284K, committed 23296K, reserved 1069056K
  class space    used 3120K, capacity 3316K, committed 3328K, reserved 1048576K
Event: 13.188 GC heap after
Heap after GC invocations=8 (full 1):
 PSYoungGen      total 12800K, used 4341K [0x00000000f5e00000, 0x00000000f7500000, 0x0000000100000000)
  eden space 8192K, 0% used [0x00000000f5e00000,0x00000000f5e00000,0x00000000f6600000)
  from space 4608K, 94% used [0x00000000f6600000,0x00000000f6a3d690,0x00000000f6a80000)
  to   space 5120K, 0% used [0x00000000f7000000,0x00000000f7000000,0x00000000f7500000)
 ParOldGen       total 26112K, used 12652K [0x00000000e1a00000, 0x00000000e3380000, 0x00000000f5e00000)
  object space 26112K, 48% used [0x00000000e1a00000,0x00000000e265b188,0x00000000e3380000)
 Metaspace       used 22466K, capacity 23284K, committed 23296K, reserved 1069056K
  class space    used 3120K, capacity 3316K, committed 3328K, reserved 1048576K
}
Event: 14.323 GC heap before
{Heap before GC invocations=9 (full 1):
 PSYoungGen      total 12800K, used 12533K [0x00000000f5e00000, 0x00000000f7500000, 0x0000000100000000)
  eden space 8192K, 100% used [0x00000000f5e00000,0x00000000f6600000,0x00000000f6600000)
  from space 4608K, 94% used [0x00000000f6600000,0x00000000f6a3d690,0x00000000f6a80000)
  to   space 5120K, 0% used [0x00000000f7000000,0x00000000f7000000,0x00000000f7500000)
 ParOldGen       total 26112K, used 12652K [0x00000000e1a00000, 0x00000000e3380000, 0x00000000f5e00000)
  object space 26112K, 48% used [0x00000000e1a00000,0x00000000e265b188,0x00000000e3380000)
 Metaspace       used 24459K, capacity 25434K, committed 25472K, reserved 1071104K
  class space    used 3467K, capacity 3693K, committed 3712K, reserved 1048576K
Event: 14.336 GC heap after
Heap after GC invocations=9 (full 1):
 PSYoungGen      total 17920K, used 5109K [0x00000000f5e00000, 0x00000000f7580000, 0x0000000100000000)
  eden space 12800K, 0% used [0x00000000f5e00000,0x00000000f5e00000,0x00000000f6a80000)
  from space 5120K, 99% used [0x00000000f7000000,0x00000000f74fd690,0x00000000f7500000)
  to   space 5632K, 0% used [0x00000000f6a80000,0x00000000f6a80000,0x00000000f7000000)
 ParOldGen       total 26112K, used 12804K [0x00000000e1a00000, 0x00000000e3380000, 0x00000000f5e00000)
  object space 26112K, 49% used [0x00000000e1a00000,0x00000000e26811f8,0x00000000e3380000)
 Metaspace       used 24459K, capacity 25434K, committed 25472K, reserved 1071104K
  class space    used 3467K, capacity 3693K, committed 3712K, reserved 1048576K
}
Event: 15.817 GC heap before
{Heap before GC invocations=10 (full 1):
 PSYoungGen      total 17920K, used 17909K [0x00000000f5e00000, 0x00000000f7580000, 0x0000000100000000)
  eden space 12800K, 100% used [0x00000000f5e00000,0x00000000f6a80000,0x00000000f6a80000)
  from space 5120K, 99% used [0x00000000f7000000,0x00000000f74fd690,0x00000000f7500000)
  to   space 5632K, 0% used [0x00000000f6a80000,0x00000000f6a80000,0x00000000f7000000)
 ParOldGen       total 26112K, used 12804K [0x00000000e1a00000, 0x00000000e3380000, 0x00000000f5e00000)
  object space 26112K, 49% used [0x00000000e1a00000,0x00000000e26811f8,0x00000000e3380000)
 Metaspace       used 26796K, capacity 28194K, committed 28288K, reserved 1073152K
  class space    used 3929K, capacity 4179K, committed 4224K, reserved 1048576K
Event: 15.843 GC heap after
Heap after GC invocations=10 (full 1):
 PSYoungGen      total 18432K, used 5610K [0x00000000f5e00000, 0x00000000f7e00000, 0x0000000100000000)
  eden space 12800K, 0% used [0x00000000f5e00000,0x00000000f5e00000,0x00000000f6a80000)
  from space 5632K, 99% used [0x00000000f6a80000,0x00000000f6ffabc0,0x00000000f7000000)
  to   space 7680K, 0% used [0x00000000f7680000,0x00000000f7680000,0x00000000f7e00000)
 ParOldGen       total 26112K, used 15262K [0x00000000e1a00000, 0x00000000e3380000, 0x00000000f5e00000)
  object space 26112K, 58% used [0x00000000e1a00000,0x00000000e28e7918,0x00000000e3380000)
 Metaspace       used 26796K, capacity 28194K, committed 28288K, reserved 1073152K
  class space    used 3929K, capacity 4179K, committed 4224K, reserved 1048576K
}

