# JRE version: Java(TM) SE Runtime Environment (8.0_181-b13) (build 1.8.0_181-b13)
# Java VM: Java HotSpot(TM) 64-Bit Server VM (25.181-b13 mixed mode windows-amd64 compressed oops)
Heap:
 PSYoungGen      total 17920K, used 9313K [0x00000000f5e00000, 0x00000000f7800000, 0x0000000100000000)
  eden space 12800K, 49% used [0x00000000f5e00000,0x00000000f642bbf0,0x00000000f6a80000)
  from space 5120K, 58% used [0x00000000f6a80000,0x00000000f6d6cba0,0x00000000f6f80000)
  to   space 5120K, 0% used [0x00000000f7300000,0x00000000f7300000,0x00000000f7800000)
 ParOldGen       total 38912K, used 18987K [0x00000000e1a00000, 0x00000000e4000000, 0x00000000f5e00000)
  object space 38912K, 48% used [0x00000000e1a00000,0x00000000e2c8ae70,0x00000000e4000000)
 Metaspace       used 28714K, capacity 30246K, committed 30336K, reserved 1075200K
  class space    used 4094K, capacity 4392K, committed 4480K, reserved 1048576K
GC Heap History (10 events):
Event: 134.017 GC heap before
{Heap before GC invocations=9 (full 1):
 PSYoungGen      total 12288K, used 11192K [0x00000000f5e00000, 0x00000000f6d80000, 0x0000000100000000)
  eden space 8704K, 100% used [0x00000000f5e00000,0x00000000f6680000,0x00000000f6680000)
  from space 3584K, 69% used [0x00000000f6680000,0x00000000f68ee050,0x00000000f6a00000)
  to   space 3584K, 0% used [0x00000000f6a00000,0x00000000f6a00000,0x00000000f6d80000)
 ParOldGen       total 19968K, used 7922K [0x00000000e1a00000, 0x00000000e2d80000, 0x00000000f5e00000)
  object space 19968K, 39% used [0x00000000e1a00000,0x00000000e21bc8d8,0x00000000e2d80000)
 Metaspace       used 25729K, capacity 26644K, committed 27008K, reserved 1073152K
  class space    used 3624K, capacity 3869K, committed 3968K, reserved 1048576K
Event: 134.025 GC heap after
Heap after GC invocations=9 (full 1):
 PSYoungGen      total 12288K, used 2739K [0x00000000f5e00000, 0x00000000f6d80000, 0x0000000100000000)
  eden space 8704K, 0% used [0x00000000f5e00000,0x00000000f5e00000,0x00000000f6680000)
  from space 3584K, 76% used [0x00000000f6a00000,0x00000000f6cacfe8,0x00000000f6d80000)
  to   space 3584K, 0% used [0x00000000f6680000,0x00000000f6680000,0x00000000f6a00000)
 ParOldGen       total 19968K, used 7930K [0x00000000e1a00000, 0x00000000e2d80000, 0x00000000f5e00000)
  object space 19968K, 39% used [0x00000000e1a00000,0x00000000e21be8d8,0x00000000e2d80000)
 Metaspace       used 25729K, capacity 26644K, committed 27008K, reserved 1073152K
  class space    used 3624K, capacity 3869K, committed 3968K, reserved 1048576K
}
Event: 134.628 GC heap before
{Heap before GC invocations=10 (full 1):
 PSYoungGen      total 12288K, used 10807K [0x00000000f5e00000, 0x00000000f6d80000, 0x0000000100000000)
  eden space 8704K, 92% used [0x00000000f5e00000,0x00000000f65e0c80,0x00000000f6680000)
  from space 3584K, 76% used [0x00000000f6a00000,0x00000000f6cacfe8,0x00000000f6d80000)
  to   space 3584K, 0% used [0x00000000f6680000,0x00000000f6680000,0x00000000f6a00000)
 ParOldGen       total 19968K, used 7930K [0x00000000e1a00000, 0x00000000e2d80000, 0x00000000f5e00000)
  object space 19968K, 39% used [0x00000000e1a00000,0x00000000e21be8d8,0x00000000e2d80000)
 Metaspace       used 25971K, capacity 26960K, committed 27264K, reserved 1073152K
  class space    used 3657K, capacity 3917K, committed 3968K, reserved 1048576K
Event: 134.658 GC heap after
Heap after GC invocations=10 (full 1):
 PSYoungGen      total 12288K, used 2849K [0x00000000f5e00000, 0x00000000f7300000, 0x0000000100000000)
  eden space 8704K, 0% used [0x00000000f5e00000,0x00000000f5e00000,0x00000000f6680000)
  from space 3584K, 79% used [0x00000000f6680000,0x00000000f6948650,0x00000000f6a00000)
  to   space 3584K, 0% used [0x00000000f6f80000,0x00000000f6f80000,0x00000000f7300000)
 ParOldGen       total 19968K, used 13357K [0x00000000e1a00000, 0x00000000e2d80000, 0x00000000f5e00000)
  object space 19968K, 66% used [0x00000000e1a00000,0x00000000e270b418,0x00000000e2d80000)
 Metaspace       used 25971K, capacity 26960K, committed 27264K, reserved 1073152K
  class space    used 3657K, capacity 3917K, committed 3968K, reserved 1048576K
}
Event: 136.210 GC heap before
{Heap before GC invocations=11 (full 1):
 PSYoungGen      total 12288K, used 11553K [0x00000000f5e00000, 0x00000000f7300000, 0x0000000100000000)
  eden space 8704K, 100% used [0x00000000f5e00000,0x00000000f6680000,0x00000000f6680000)
  from space 3584K, 79% used [0x00000000f6680000,0x00000000f6948650,0x00000000f6a00000)
  to   space 3584K, 0% used [0x00000000f6f80000,0x00000000f6f80000,0x00000000f7300000)
 ParOldGen       total 19968K, used 13357K [0x00000000e1a00000, 0x00000000e2d80000, 0x00000000f5e00000)
  object space 19968K, 66% used [0x00000000e1a00000,0x00000000e270b418,0x00000000e2d80000)
 Metaspace       used 26643K, capacity 27652K, committed 27904K, reserved 1073152K
  class space    used 3748K, capacity 4007K, committed 4096K, reserved 1048576K
Event: 136.232 GC heap after
Heap after GC invocations=11 (full 1):
 PSYoungGen      total 16384K, used 3573K [0x00000000f5e00000, 0x00000000f7600000, 0x0000000100000000)
  eden space 12800K, 0% used [0x00000000f5e00000,0x00000000f5e00000,0x00000000f6a80000)
  from space 3584K, 99% used [0x00000000f6f80000,0x00000000f72fd6b0,0x00000000f7300000)
  to   space 5120K, 0% used [0x00000000f6a80000,0x00000000f6a80000,0x00000000f6f80000)
 ParOldGen       total 19968K, used 16408K [0x00000000e1a00000, 0x00000000e2d80000, 0x00000000f5e00000)
  object space 19968K, 82% used [0x00000000e1a00000,0x00000000e2a06298,0x00000000e2d80000)
 Metaspace       used 26643K, capacity 27652K, committed 27904K, reserved 1073152K
  class space    used 3748K, capacity 4007K, committed 4096K, reserved 1048576K
}
Event: 136.232 GC heap before
{Heap before GC invocations=12 (full 2):
 PSYoungGen      total 16384K, used 3573K [0x00000000f5e00000, 0x00000000f7600000, 0x0000000100000000)
  eden space 12800K, 0% used [0x00000000f5e00000,0x00000000f5e00000,0x00000000f6a80000)
  from space 3584K, 99% used [0x00000000f6f80000,0x00000000f72fd6b0,0x00000000f7300000)
  to   space 5120K, 0% used [0x00000000f6a80000,0x00000000f6a80000,0x00000000f6f80000)
 ParOldGen       total 19968K, used 16408K [0x00000000e1a00000, 0x00000000e2d80000, 0x00000000f5e00000)
  object space 19968K, 82% used [0x00000000e1a00000,0x00000000e2a06298,0x00000000e2d80000)
 Metaspace       used 26643K, capacity 27652K, committed 27904K, reserved 1073152K
  class space    used 3748K, capacity 4007K, committed 4096K, reserved 1048576K
Event: 136.443 GC heap after
Heap after GC invocations=12 (full 2):
 PSYoungGen      total 16384K, used 0K [0x00000000f5e00000, 0x00000000f7600000, 0x0000000100000000)
  eden space 12800K, 0% used [0x00000000f5e00000,0x00000000f5e00000,0x00000000f6a80000)
  from space 3584K, 0% used [0x00000000f6f80000,0x00000000f6f80000,0x00000000f7300000)
  to   space 5120K, 0% used [0x00000000f6a80000,0x00000000f6a80000,0x00000000f6f80000)
 ParOldGen       total 38912K, used 18979K [0x00000000e1a00000, 0x00000000e4000000, 0x00000000f5e00000)
  object space 38912K, 48% used [0x00000000e1a00000,0x00000000e2c88e70,0x00000000e4000000)
 Metaspace       used 26643K, capacity 27652K, committed 27904K, reserved 1073152K
  class space    used 3748K, capacity 4007K, committed 4096K, reserved 1048576K
}
Event: 138.231 GC heap before
{Heap before GC invocations=13 (full 2):
 PSYoungGen      total 16384K, used 12800K [0x00000000f5e00000, 0x00000000f7600000, 0x0000000100000000)
  eden space 12800K, 100% used [0x00000000f5e00000,0x00000000f6a80000,0x00000000f6a80000)
  from space 3584K, 0% used [0x00000000f6f80000,0x00000000f6f80000,0x00000000f7300000)
  to   space 5120K, 0% used [0x00000000f6a80000,0x00000000f6a80000,0x00000000f6f80000)
 ParOldGen       total 38912K, used 18979K [0x00000000e1a00000, 0x00000000e4000000, 0x00000000f5e00000)
  object space 38912K, 48% used [0x00000000e1a00000,0x00000000e2c88e70,0x00000000e4000000)
 Metaspace       used 28347K, capacity 29826K, committed 30080K, reserved 1075200K
  class space    used 4061K, capacity 4376K, committed 4480K, reserved 1048576K
Event: 138.261 GC heap after
Heap after GC invocations=13 (full 2):
 PSYoungGen      total 17920K, used 2994K [0x00000000f5e00000, 0x00000000f7800000, 0x0000000100000000)
  eden space 12800K, 0% used [0x00000000f5e00000,0x00000000f5e00000,0x00000000f6a80000)
  from space 5120K, 58% used [0x00000000f6a80000,0x00000000f6d6cba0,0x00000000f6f80000)
  to   space 5120K, 0% used [0x00000000f7300000,0x00000000f7300000,0x00000000f7800000)
 ParOldGen       total 38912K, used 18987K [0x00000000e1a00000, 0x00000000e4000000, 0x00000000f5e00000)
  object space 38912K, 48% used [0x00000000e1a00000,0x00000000e2c8ae70,0x00000000e4000000)
 Metaspace       used 28347K, capacity 29826K, committed 30080K, reserved 1075200K
  class space    used 4061K, capacity 4376K, committed 4480K, reserved 1048576K
}

